<?xml version="1.0" encoding="UTF-8"?>
<!-- Generated by org.testng.reporters.JUnitReportReporter -->
<testsuite hostname="DESKTOP-JKMLIMQ" failures="0" tests="1" name="First_testing.iframe_learning" time="18.601" errors="0" timestamp="2023-10-17T22:41:33 IST" skipped="0">
  <testcase classname="First_testing.iframe_learning" name="iframe_test" time="18.601"/>
</testsuite> <!-- First_testing.iframe_learning -->
