<?xml version="1.0" encoding="UTF-8"?>
<!-- Generated by org.testng.reporters.JUnitReportReporter -->
<testsuite hostname="DESKTOP-JKMLIMQ" failures="0" tests="1" name="First_testing.TC_05_learning_groups" time="0.008" errors="0" timestamp="2023-10-17T22:44:09 IST" skipped="0">
  <testcase classname="First_testing.TC_05_learning_groups" name="cart_page_validateion" time="0.008"/>
</testsuite> <!-- First_testing.TC_05_learning_groups -->
