<?xml version="1.0" encoding="UTF-8"?>
<!-- Generated by org.testng.reporters.JUnitReportReporter -->
<testsuite hostname="DESKTOP-JKMLIMQ" failures="0" tests="2" name="First_testing.TC_01" time="0.253" errors="0" timestamp="2023-10-11T01:00:40 IST" skipped="0">
  <testcase classname="First_testing.TC_01" name="do_testing" time="0.248"/>
  <testcase classname="First_testing.TC_01" name="do_testing_1" time="0.005"/>
</testsuite> <!-- First_testing.TC_01 -->
