<?xml version="1.0" encoding="UTF-8"?>
<!-- Generated by org.testng.reporters.JUnitReportReporter -->
<testsuite hostname="DESKTOP-JKMLIMQ" failures="0" tests="4" name="testScripts.W3School_Test" time="0.031" errors="1" timestamp="2023-10-17T21:23:31 IST" skipped="3">
  <testcase classname="testScripts.W3School_Test" name="setUp" time="0.031">
    <error message="Unresolved compilation problem: 
	Duplicate local variable driver
" type="java.lang.Error">
      <![CDATA[java.lang.Error: Unresolved compilation problem: 
Duplicate local variable driver

at common.reusable.createDriverInstance(reusable.java:36)
at testScripts.W3School_Test.setUp(W3School_Test.java:22)
at java.base/jdk.internal.reflect.NativeMethodAccessorImpl.invoke0(Native Method)
at java.base/jdk.internal.reflect.NativeMethodAccessorImpl.invoke(NativeMethodAccessorImpl.java:77)
at java.base/jdk.internal.reflect.DelegatingMethodAccessorImpl.invoke(DelegatingMethodAccessorImpl.java:43)
at java.base/java.lang.reflect.Method.invoke(Method.java:568)
at org.testng.internal.invokers.MethodInvocationHelper.invokeMethod(MethodInvocationHelper.java:139)
at org.testng.internal.invokers.MethodInvocationHelper.invokeMethodConsideringTimeout(MethodInvocationHelper.java:69)
at org.testng.internal.invokers.ConfigInvoker.invokeConfigurationMethod(ConfigInvoker.java:390)
at org.testng.internal.invokers.ConfigInvoker.invokeConfigurations(ConfigInvoker.java:325)
at org.testng.internal.invokers.TestMethodWorker.invokeBeforeClassMethods(TestMethodWorker.java:180)
at org.testng.internal.invokers.TestMethodWorker.run(TestMethodWorker.java:122)
at java.base/java.util.ArrayList.forEach(ArrayList.java:1511)
at org.testng.TestRunner.privateRun(TestRunner.java:848)
at org.testng.TestRunner.run(TestRunner.java:621)
at org.testng.SuiteRunner.runTest(SuiteRunner.java:443)
at org.testng.SuiteRunner$SuiteWorker.run(SuiteRunner.java:481)
at org.testng.internal.thread.ThreadUtil.lambda$execute$0(ThreadUtil.java:58)
at java.base/java.util.concurrent.FutureTask.run(FutureTask.java:264)
at java.base/java.util.concurrent.ThreadPoolExecutor.runWorker(ThreadPoolExecutor.java:1136)
at java.base/java.util.concurrent.ThreadPoolExecutor$Worker.run(ThreadPoolExecutor.java:635)
at java.base/java.lang.Thread.run(Thread.java:833)
]]>
    </error>
  </testcase> <!-- setUp -->
  <testcase classname="testScripts.W3School_Test" name="title_url" time="0.000">
    <skipped/>
  </testcase> <!-- title_url -->
  <testcase classname="testScripts.W3School_Test" name="test_theLogo" time="0.000">
    <skipped/>
  </testcase> <!-- test_theLogo -->
  <testcase classname="testScripts.W3School_Test" name="test_the_SearchTextBox" time="0.000">
    <skipped/>
  </testcase> <!-- test_the_SearchTextBox -->
</testsuite> <!-- testScripts.W3School_Test -->
