<?xml version="1.0" encoding="UTF-8"?>
<!-- Generated by org.testng.reporters.JUnitReportReporter -->
<testsuite hostname="DESKTOP-JKMLIMQ" failures="0" tests="1" name="read_excelfile.Excel_simple_reading2" time="0.451" errors="0" timestamp="2023-10-18T20:39:20 IST" skipped="0">
  <testcase classname="read_excelfile.Excel_simple_reading2" name="read_excel_file" time="0.451"/>
  <system-out/>
</testsuite> <!-- read_excelfile.Excel_simple_reading2 -->
