<?xml version="1.0" encoding="UTF-8"?>
<!-- Generated by org.testng.reporters.JUnitReportReporter -->
<testsuite hostname="DESKTOP-JKMLIMQ" failures="0" tests="1" name="First_testing.TC_04_childsupport" time="3.791" errors="0" timestamp="2023-10-11T23:54:16 IST" skipped="0">
  <testcase classname="First_testing.TC_04_childsupport" name="test_homepage" time="3.791"/>
</testsuite> <!-- First_testing.TC_04_childsupport -->
