<?xml version="1.0" encoding="UTF-8"?>
<!-- Generated by org.testng.reporters.JUnitReportReporter -->
<testsuite hostname="DESKTOP-JKMLIMQ" failures="0" tests="4" name="First_testing.TC_05_learning_priority" time="0.118" errors="0" timestamp="2023-10-17T22:44:09 IST" skipped="0">
  <testcase classname="First_testing.TC_05_learning_priority" name="signup_page_validation" time="0.099"/>
  <testcase classname="First_testing.TC_05_learning_priority" name="signin_page_validation" time="0.006"/>
  <testcase classname="First_testing.TC_05_learning_priority" name="home_page_validation" time="0.006"/>
  <testcase classname="First_testing.TC_05_learning_priority" name="cart_page_validateion" time="0.007"/>
</testsuite> <!-- First_testing.TC_05_learning_priority -->
