<?xml version="1.0" encoding="UTF-8"?>
<!-- Generated by org.testng.reporters.JUnitReportReporter -->
<testsuite hostname="DESKTOP-JKMLIMQ" failures="0" tests="4" name="First_testing.TC_05" time="0.214" errors="0" timestamp="2023-10-12T00:17:22 IST" skipped="0">
  <testcase classname="First_testing.TC_05" name="signup_page_validation" time="0.195"/>
  <testcase classname="First_testing.TC_05" name="signin_page_validation" time="0.004"/>
  <testcase classname="First_testing.TC_05" name="home_page_validation" time="0.006"/>
  <testcase classname="First_testing.TC_05" name="cart_page_validateion" time="0.009"/>
</testsuite> <!-- First_testing.TC_05 -->
